Array
(
    [term_id] => 1
    [category] => Rent
    [amount] => 150000
)
Array
(
    [term_id] => 1
    [category] => Rent
    [amount] => 150000
)
Array
(
    [term_id] => 1
    [category] => Fuel
    [amount] => 450000
)
Array
(
    [term_id] => 1
    [category] => Fuel
    [amount] => 450000
)
Array
(
    [term_id] => 2
    [category] => Rent
    [amount] => 250000
)
Array
(
    [term_id] => 1
    [category] => Fuel
    [amount] => 250000
)
Array
(
    [term_id] => 1
    [category] => Fuel
    [amount] => 250000
)
Array
(
    [term_id] => 1
    [category] => Fuel
    [amount] => 250000
)
Array
(
    [term_id] => 1
    [category] => Fuel
    [amount] => 250000
)
Array
(
    [term_id] => 1
    [category] => Fuel
    [amount] => 250000
)
Array
(
    [term_id] => 1
    [category] => Fuel
    [amount] => 250000
)
Array
(
    [term_id] => 1
    [category] => Fuel
    [amount] => 250000
)
Array
(
    [term_id] => 1
    [category] => Rent
    [amount] => 250000
)
Array
(
    [term_id] => 2
    [category] => Fuel
    [amount] => 150000
)
Array
(
    [term_id] => 2
    [category] => Fuel
    [amount] => 300000
)
Array
(
    [term_id] => 2
    [category] => Utilities
    [amount] => 500000
)
Array
(
    [term_id] => 2
    [category] => Rent
    [amount] => 450000
)
Array
(
    [term] => Term 3
    [category] => Utilities
    [amount] => 175000
)
Array
(
    [term] => Term 1
    [category] => Utilities
    [amount] => 175000
)
Array
(
    [term] => Term 1
    [category] => Utilities
    [amount] => 175000
)
Array
(
    [term] => Term 1
    [category] => Utilities
    [amount] => 150000
)
Array
(
    [term] => Term 2
    [category] => Utilities
    [amount] => 150000
)
Array
(
    [term] => Term 2
    [category] => Utilities
    [amount] => 150000
)
Array
(
    [term] => Term 2
    [category] => Utilities
    [amount] => 150000
)
Array
(
    [term] => Term 2
    [category] => Utilities
    [amount] => 150000
)
Array
(
    [term] => Term 2
    [category] => Utilities
    [amount] => 150000
)
Array
(
    [term] => Term 2
    [category] => Utilities
    [amount] => 150000
)
Array
(
    [term] => Term 2
    [category] => Utilities
    [amount] => 150000
)
Array
(
    [term] => Term 2
    [category] => Utilities
    [amount] => 150000
)
Array
(
    [term] => Term 2
    [category] => Utilities
    [amount] => 150000
)
Array
(
    [term] => Term 2
    [category] => Utilities
    [amount] => 150000
)
Array
(
    [term] => Term 2
    [category] => Rent
    [amount] => 175000
)
Array
(
    [term] => Term 2
    [category] => Rent
    [amount] => 175000
)
Array
(
    [term] => Term 2
    [category] => Rent
    [amount] => 175000
)
Array
(
    [term] => Term 2
    [category] => Rent
    [amount] => 175000
)
Array
(
    [term] => Term 2
    [category] => Fuel
    [amount] => 200000
)
Array
(
    [term] => Term 2
    [category] => Fuel
    [amount] => 200000
)
Array
(
    [term] => Term 2
    [category] => Fuel
    [amount] => 200000
)
Array
(
    [term] => Term 2
    [category] => Fuel
    [amount] => 200000
)
Array
(
    [term] => Term 2
    [category] => Fuel
    [amount] => 200000
)
Array
(
    [term] => Term 2
    [category] => Fuel
    [amount] => 200000
)
Array
(
    [category] => Fuel
    [amount] => 30000
    [term] => Term 1
)
